TimeQuest Timing Analyzer report for control
Wed Mar 25 13:17:33 2020
Quartus II 64-Bit Version 15.0.0 Build 145 04/22/2015 SJ Full Version


---------------------
; Table of Contents ;
---------------------
  1. Legal Notice
  2. TimeQuest Timing Analyzer Summary
  3. Parallel Compilation
  4. Clocks
  5. Slow 1200mV 85C Model Fmax Summary
  6. Timing Closure Recommendations
  7. Slow 1200mV 85C Model Setup Summary
  8. Slow 1200mV 85C Model Hold Summary
  9. Slow 1200mV 85C Model Recovery Summary
 10. Slow 1200mV 85C Model Removal Summary
 11. Slow 1200mV 85C Model Minimum Pulse Width Summary
 12. Slow 1200mV 85C Model Setup: 'clock'
 13. Slow 1200mV 85C Model Hold: 'clock'
 14. Slow 1200mV 85C Model Minimum Pulse Width: 'clock'
 15. Clock to Output Times
 16. Minimum Clock to Output Times
 17. Propagation Delay
 18. Minimum Propagation Delay
 19. Slow 1200mV 85C Model Metastability Summary
 20. Slow 1200mV 0C Model Fmax Summary
 21. Slow 1200mV 0C Model Setup Summary
 22. Slow 1200mV 0C Model Hold Summary
 23. Slow 1200mV 0C Model Recovery Summary
 24. Slow 1200mV 0C Model Removal Summary
 25. Slow 1200mV 0C Model Minimum Pulse Width Summary
 26. Slow 1200mV 0C Model Setup: 'clock'
 27. Slow 1200mV 0C Model Hold: 'clock'
 28. Slow 1200mV 0C Model Minimum Pulse Width: 'clock'
 29. Clock to Output Times
 30. Minimum Clock to Output Times
 31. Propagation Delay
 32. Minimum Propagation Delay
 33. Slow 1200mV 0C Model Metastability Summary
 34. Fast 1200mV 0C Model Setup Summary
 35. Fast 1200mV 0C Model Hold Summary
 36. Fast 1200mV 0C Model Recovery Summary
 37. Fast 1200mV 0C Model Removal Summary
 38. Fast 1200mV 0C Model Minimum Pulse Width Summary
 39. Fast 1200mV 0C Model Setup: 'clock'
 40. Fast 1200mV 0C Model Hold: 'clock'
 41. Fast 1200mV 0C Model Minimum Pulse Width: 'clock'
 42. Clock to Output Times
 43. Minimum Clock to Output Times
 44. Propagation Delay
 45. Minimum Propagation Delay
 46. Fast 1200mV 0C Model Metastability Summary
 47. Multicorner Timing Analysis Summary
 48. Clock to Output Times
 49. Minimum Clock to Output Times
 50. Propagation Delay
 51. Minimum Propagation Delay
 52. Board Trace Model Assignments
 53. Input Transition Times
 54. Signal Integrity Metrics (Slow 1200mv 0c Model)
 55. Signal Integrity Metrics (Slow 1200mv 85c Model)
 56. Signal Integrity Metrics (Fast 1200mv 0c Model)
 57. Setup Transfers
 58. Hold Transfers
 59. Report TCCS
 60. Report RSKM
 61. Unconstrained Paths
 62. TimeQuest Timing Analyzer Messages



----------------
; Legal Notice ;
----------------
Copyright (C) 1991-2015 Altera Corporation. All rights reserved.
Your use of Altera Corporation's design tools, logic functions 
and other software and tools, and its AMPP partner logic 
functions, and any output files from any of the foregoing 
(including device programming or simulation files), and any 
associated documentation or information are expressly subject 
to the terms and conditions of the Altera Program License 
Subscription Agreement, the Altera Quartus II License Agreement,
the Altera MegaCore Function License Agreement, or other 
applicable license agreement, including, without limitation, 
that your use is for the sole purpose of programming logic 
devices manufactured by Altera and sold by Altera or its 
authorized distributors.  Please refer to the applicable 
agreement for further details.



+--------------------------------------------------------------------------+
; TimeQuest Timing Analyzer Summary                                        ;
+--------------------+-----------------------------------------------------+
; Quartus II Version ; Version 15.0.0 Build 145 04/22/2015 SJ Full Version ;
; Revision Name      ; control                                             ;
; Device Family      ; Cyclone IV E                                        ;
; Device Name        ; EP4CE10E22C8                                        ;
; Timing Models      ; Final                                               ;
; Delay Model        ; Combined                                            ;
; Rise/Fall Delays   ; Enabled                                             ;
+--------------------+-----------------------------------------------------+


+------------------------------------------+
; Parallel Compilation                     ;
+----------------------------+-------------+
; Processors                 ; Number      ;
+----------------------------+-------------+
; Number detected on machine ; 12          ;
; Maximum allowed            ; 6           ;
;                            ;             ;
; Average used               ; 1.00        ;
; Maximum used               ; 6           ;
;                            ;             ;
; Usage by Processor         ; % Time Used ;
;     Processor 1            ; 100.0%      ;
;     Processors 2-6         ; < 0.1%      ;
;     Processors 7-12        ;   0.0%      ;
+----------------------------+-------------+


+-----------------------------------------------------------------------------------------------------------------------------------------------------------------------------------+
; Clocks                                                                                                                                                                            ;
+------------+------+--------+------------+-------+-------+------------+-----------+-------------+-------+--------+-----------+------------+----------+--------+--------+-----------+
; Clock Name ; Type ; Period ; Frequency  ; Rise  ; Fall  ; Duty Cycle ; Divide by ; Multiply by ; Phase ; Offset ; Edge List ; Edge Shift ; Inverted ; Master ; Source ; Targets   ;
+------------+------+--------+------------+-------+-------+------------+-----------+-------------+-------+--------+-----------+------------+----------+--------+--------+-----------+
; clock      ; Base ; 1.000  ; 1000.0 MHz ; 0.000 ; 0.500 ;            ;           ;             ;       ;        ;           ;            ;          ;        ;        ; { clock } ;
+------------+------+--------+------------+-------+-------+------------+-----------+-------------+-------+--------+-----------+------------+----------+--------+--------+-----------+


+-----------------------------------------------------------------------------------------------------------+
; Slow 1200mV 85C Model Fmax Summary                                                                        ;
+------------+-----------------+------------+---------------------------------------------------------------+
; Fmax       ; Restricted Fmax ; Clock Name ; Note                                                          ;
+------------+-----------------+------------+---------------------------------------------------------------+
; 722.54 MHz ; 250.0 MHz       ; clock      ; limit due to minimum period restriction (max I/O toggle rate) ;
+------------+-----------------+------------+---------------------------------------------------------------+
This panel reports FMAX for every clock in the design, regardless of the user-specified clock periods.  FMAX is only computed for paths where the source and destination registers or ports are driven by the same clock.  Paths of different clocks, including generated clocks, are ignored.  For paths between a clock and its inversion, FMAX is computed as if the rising and falling edges are scaled along with FMAX, such that the duty cycle (in terms of a percentage) is maintained. Altera recommends that you always use clock constraints and other slack reports for sign-off analysis.


----------------------------------
; Timing Closure Recommendations ;
----------------------------------
HTML report is unavailable in plain text report export.


+-------------------------------------+
; Slow 1200mV 85C Model Setup Summary ;
+-------+--------+--------------------+
; Clock ; Slack  ; End Point TNS      ;
+-------+--------+--------------------+
; clock ; -0.384 ; -1.016             ;
+-------+--------+--------------------+


+------------------------------------+
; Slow 1200mV 85C Model Hold Summary ;
+-------+-------+--------------------+
; Clock ; Slack ; End Point TNS      ;
+-------+-------+--------------------+
; clock ; 0.453 ; 0.000              ;
+-------+-------+--------------------+


------------------------------------------
; Slow 1200mV 85C Model Recovery Summary ;
------------------------------------------
No paths to report.


-----------------------------------------
; Slow 1200mV 85C Model Removal Summary ;
-----------------------------------------
No paths to report.


+---------------------------------------------------+
; Slow 1200mV 85C Model Minimum Pulse Width Summary ;
+-------+--------+----------------------------------+
; Clock ; Slack  ; End Point TNS                    ;
+-------+--------+----------------------------------+
; clock ; -3.000 ; -7.461                           ;
+-------+--------+----------------------------------+


+----------------------------------------------------------------------------------------------------+
; Slow 1200mV 85C Model Setup: 'clock'                                                               ;
+--------+-----------+---------+--------------+-------------+--------------+------------+------------+
; Slack  ; From Node ; To Node ; Launch Clock ; Latch Clock ; Relationship ; Clock Skew ; Data Delay ;
+--------+-----------+---------+--------------+-------------+--------------+------------+------------+
; -0.384 ; cnt[0]    ; cnt[1]  ; clock        ; clock       ; 1.000        ; -0.081     ; 1.304      ;
; -0.324 ; cnt[2]    ; cnt[0]  ; clock        ; clock       ; 1.000        ; -0.081     ; 1.244      ;
; -0.308 ; cnt[0]    ; cnt[2]  ; clock        ; clock       ; 1.000        ; -0.081     ; 1.228      ;
; -0.016 ; cnt[2]    ; cnt[1]  ; clock        ; clock       ; 1.000        ; -0.081     ; 0.936      ;
; -0.013 ; cnt[1]    ; cnt[0]  ; clock        ; clock       ; 1.000        ; -0.081     ; 0.933      ;
; -0.012 ; cnt[1]    ; cnt[2]  ; clock        ; clock       ; 1.000        ; -0.081     ; 0.932      ;
; 0.062  ; cnt[1]    ; cnt[1]  ; clock        ; clock       ; 1.000        ; -0.081     ; 0.858      ;
; 0.062  ; cnt[2]    ; cnt[2]  ; clock        ; clock       ; 1.000        ; -0.081     ; 0.858      ;
; 0.062  ; cnt[0]    ; cnt[0]  ; clock        ; clock       ; 1.000        ; -0.081     ; 0.858      ;
+--------+-----------+---------+--------------+-------------+--------------+------------+------------+


+---------------------------------------------------------------------------------------------------+
; Slow 1200mV 85C Model Hold: 'clock'                                                               ;
+-------+-----------+---------+--------------+-------------+--------------+------------+------------+
; Slack ; From Node ; To Node ; Launch Clock ; Latch Clock ; Relationship ; Clock Skew ; Data Delay ;
+-------+-----------+---------+--------------+-------------+--------------+------------+------------+
; 0.453 ; cnt[1]    ; cnt[1]  ; clock        ; clock       ; 0.000        ; 0.081      ; 0.746      ;
; 0.453 ; cnt[2]    ; cnt[2]  ; clock        ; clock       ; 0.000        ; 0.081      ; 0.746      ;
; 0.465 ; cnt[0]    ; cnt[0]  ; clock        ; clock       ; 0.000        ; 0.081      ; 0.758      ;
; 0.517 ; cnt[2]    ; cnt[1]  ; clock        ; clock       ; 0.000        ; 0.081      ; 0.810      ;
; 0.517 ; cnt[1]    ; cnt[2]  ; clock        ; clock       ; 0.000        ; 0.081      ; 0.810      ;
; 0.518 ; cnt[1]    ; cnt[0]  ; clock        ; clock       ; 0.000        ; 0.081      ; 0.811      ;
; 0.775 ; cnt[0]    ; cnt[1]  ; clock        ; clock       ; 0.000        ; 0.081      ; 1.068      ;
; 0.775 ; cnt[0]    ; cnt[2]  ; clock        ; clock       ; 0.000        ; 0.081      ; 1.068      ;
; 0.802 ; cnt[2]    ; cnt[0]  ; clock        ; clock       ; 0.000        ; 0.081      ; 1.095      ;
+-------+-----------+---------+--------------+-------------+--------------+------------+------------+


+--------------------------------------------------------------------------------------------------------------+
; Slow 1200mV 85C Model Minimum Pulse Width: 'clock'                                                           ;
+--------+--------------+----------------+------------------+-------+------------+-----------------------------+
; Slack  ; Actual Width ; Required Width ; Type             ; Clock ; Clock Edge ; Target                      ;
+--------+--------------+----------------+------------------+-------+------------+-----------------------------+
; -3.000 ; 1.000        ; 4.000          ; Port Rate        ; clock ; Rise       ; clock                       ;
; -1.487 ; 1.000        ; 2.487          ; Min Period       ; clock ; Rise       ; cnt[0]                      ;
; -1.487 ; 1.000        ; 2.487          ; Min Period       ; clock ; Rise       ; cnt[1]                      ;
; -1.487 ; 1.000        ; 2.487          ; Min Period       ; clock ; Rise       ; cnt[2]                      ;
; 0.285  ; 0.505        ; 0.220          ; High Pulse Width ; clock ; Rise       ; cnt[0]                      ;
; 0.285  ; 0.505        ; 0.220          ; High Pulse Width ; clock ; Rise       ; cnt[1]                      ;
; 0.285  ; 0.505        ; 0.220          ; High Pulse Width ; clock ; Rise       ; cnt[2]                      ;
; 0.305  ; 0.493        ; 0.188          ; Low Pulse Width  ; clock ; Rise       ; cnt[0]                      ;
; 0.305  ; 0.493        ; 0.188          ; Low Pulse Width  ; clock ; Rise       ; cnt[1]                      ;
; 0.305  ; 0.493        ; 0.188          ; Low Pulse Width  ; clock ; Rise       ; cnt[2]                      ;
; 0.445  ; 0.445        ; 0.000          ; Low Pulse Width  ; clock ; Rise       ; cnt[0]|clk                  ;
; 0.445  ; 0.445        ; 0.000          ; Low Pulse Width  ; clock ; Rise       ; cnt[1]|clk                  ;
; 0.445  ; 0.445        ; 0.000          ; Low Pulse Width  ; clock ; Rise       ; cnt[2]|clk                  ;
; 0.454  ; 0.454        ; 0.000          ; Low Pulse Width  ; clock ; Rise       ; clock~input|o               ;
; 0.467  ; 0.467        ; 0.000          ; Low Pulse Width  ; clock ; Rise       ; clock~inputclkctrl|inclk[0] ;
; 0.467  ; 0.467        ; 0.000          ; Low Pulse Width  ; clock ; Rise       ; clock~inputclkctrl|outclk   ;
; 0.500  ; 0.500        ; 0.000          ; High Pulse Width ; clock ; Rise       ; clock~input|i               ;
; 0.500  ; 0.500        ; 0.000          ; Low Pulse Width  ; clock ; Rise       ; clock~input|i               ;
; 0.532  ; 0.532        ; 0.000          ; High Pulse Width ; clock ; Rise       ; clock~inputclkctrl|inclk[0] ;
; 0.532  ; 0.532        ; 0.000          ; High Pulse Width ; clock ; Rise       ; clock~inputclkctrl|outclk   ;
; 0.546  ; 0.546        ; 0.000          ; High Pulse Width ; clock ; Rise       ; clock~input|o               ;
; 0.554  ; 0.554        ; 0.000          ; High Pulse Width ; clock ; Rise       ; cnt[0]|clk                  ;
; 0.554  ; 0.554        ; 0.000          ; High Pulse Width ; clock ; Rise       ; cnt[1]|clk                  ;
; 0.554  ; 0.554        ; 0.000          ; High Pulse Width ; clock ; Rise       ; cnt[2]|clk                  ;
+--------+--------------+----------------+------------------+-------+------------+-----------------------------+


+-----------------------------------------------------------------------+
; Clock to Output Times                                                 ;
+-----------+------------+-------+-------+------------+-----------------+
; Data Port ; Clock Port ; Rise  ; Fall  ; Clock Edge ; Clock Reference ;
+-----------+------------+-------+-------+------------+-----------------+
; s0        ; clock      ; 7.795 ; 7.610 ; Rise       ; clock           ;
; s1        ; clock      ; 9.552 ; 9.407 ; Rise       ; clock           ;
; s2        ; clock      ; 8.086 ; 8.185 ; Rise       ; clock           ;
; s3        ; clock      ; 8.269 ; 8.088 ; Rise       ; clock           ;
; s4        ; clock      ; 8.865 ; 8.755 ; Rise       ; clock           ;
; s5        ; clock      ; 7.666 ; 7.560 ; Rise       ; clock           ;
; s6        ; clock      ; 8.099 ; 7.949 ; Rise       ; clock           ;
; s7        ; clock      ; 7.981 ; 7.841 ; Rise       ; clock           ;
+-----------+------------+-------+-------+------------+-----------------+


+-----------------------------------------------------------------------+
; Minimum Clock to Output Times                                         ;
+-----------+------------+-------+-------+------------+-----------------+
; Data Port ; Clock Port ; Rise  ; Fall  ; Clock Edge ; Clock Reference ;
+-----------+------------+-------+-------+------------+-----------------+
; s0        ; clock      ; 7.179 ; 7.001 ; Rise       ; clock           ;
; s1        ; clock      ; 8.965 ; 8.876 ; Rise       ; clock           ;
; s2        ; clock      ; 7.243 ; 7.366 ; Rise       ; clock           ;
; s3        ; clock      ; 7.387 ; 7.265 ; Rise       ; clock           ;
; s4        ; clock      ; 8.100 ; 7.938 ; Rise       ; clock           ;
; s5        ; clock      ; 7.163 ; 7.017 ; Rise       ; clock           ;
; s6        ; clock      ; 7.554 ; 7.338 ; Rise       ; clock           ;
; s7        ; clock      ; 7.274 ; 7.167 ; Rise       ; clock           ;
+-----------+------------+-------+-------+------------+-----------------+


+----------------------------------------------------------+
; Propagation Delay                                        ;
+------------+-------------+-------+-------+-------+-------+
; Input Port ; Output Port ; RR    ; RF    ; FR    ; FF    ;
+------------+-------------+-------+-------+-------+-------+
; sel[0]     ; s2          ; 7.904 ; 8.066 ; 8.162 ; 8.331 ;
; sel[0]     ; s3          ; 8.085 ; 7.924 ; 8.349 ; 8.181 ;
; sel[0]     ; s4          ;       ; 8.766 ; 9.187 ;       ;
; sel[1]     ; s2          ; 8.232 ; 8.353 ; 8.469 ; 8.614 ;
; sel[1]     ; s3          ; 8.374 ; 8.254 ; 8.635 ; 8.491 ;
; sel[1]     ; s4          ; 8.384 ;       ;       ; 8.461 ;
+------------+-------------+-------+-------+-------+-------+


+----------------------------------------------------------+
; Minimum Propagation Delay                                ;
+------------+-------------+-------+-------+-------+-------+
; Input Port ; Output Port ; RR    ; RF    ; FR    ; FF    ;
+------------+-------------+-------+-------+-------+-------+
; sel[0]     ; s2          ; 7.629 ; 7.786 ; 7.877 ; 8.042 ;
; sel[0]     ; s3          ; 7.804 ; 7.648 ; 8.059 ; 7.895 ;
; sel[0]     ; s4          ;       ; 8.451 ; 8.858 ;       ;
; sel[1]     ; s2          ; 7.944 ; 8.061 ; 8.172 ; 8.312 ;
; sel[1]     ; s3          ; 8.082 ; 7.966 ; 8.333 ; 8.194 ;
; sel[1]     ; s4          ; 8.086 ;       ;       ; 8.159 ;
+------------+-------------+-------+-------+-------+-------+


-----------------------------------------------
; Slow 1200mV 85C Model Metastability Summary ;
-----------------------------------------------
No synchronizer chains to report.


+-----------------------------------------------------------------------------------------------------------+
; Slow 1200mV 0C Model Fmax Summary                                                                         ;
+------------+-----------------+------------+---------------------------------------------------------------+
; Fmax       ; Restricted Fmax ; Clock Name ; Note                                                          ;
+------------+-----------------+------------+---------------------------------------------------------------+
; 802.57 MHz ; 250.0 MHz       ; clock      ; limit due to minimum period restriction (max I/O toggle rate) ;
+------------+-----------------+------------+---------------------------------------------------------------+
This panel reports FMAX for every clock in the design, regardless of the user-specified clock periods.  FMAX is only computed for paths where the source and destination registers or ports are driven by the same clock.  Paths of different clocks, including generated clocks, are ignored.  For paths between a clock and its inversion, FMAX is computed as if the rising and falling edges are scaled along with FMAX, such that the duty cycle (in terms of a percentage) is maintained. Altera recommends that you always use clock constraints and other slack reports for sign-off analysis.


+------------------------------------+
; Slow 1200mV 0C Model Setup Summary ;
+-------+--------+-------------------+
; Clock ; Slack  ; End Point TNS     ;
+-------+--------+-------------------+
; clock ; -0.246 ; -0.609            ;
+-------+--------+-------------------+


+-----------------------------------+
; Slow 1200mV 0C Model Hold Summary ;
+-------+-------+-------------------+
; Clock ; Slack ; End Point TNS     ;
+-------+-------+-------------------+
; clock ; 0.402 ; 0.000             ;
+-------+-------+-------------------+


-----------------------------------------
; Slow 1200mV 0C Model Recovery Summary ;
-----------------------------------------
No paths to report.


----------------------------------------
; Slow 1200mV 0C Model Removal Summary ;
----------------------------------------
No paths to report.


+--------------------------------------------------+
; Slow 1200mV 0C Model Minimum Pulse Width Summary ;
+-------+--------+---------------------------------+
; Clock ; Slack  ; End Point TNS                   ;
+-------+--------+---------------------------------+
; clock ; -3.000 ; -7.461                          ;
+-------+--------+---------------------------------+


+----------------------------------------------------------------------------------------------------+
; Slow 1200mV 0C Model Setup: 'clock'                                                                ;
+--------+-----------+---------+--------------+-------------+--------------+------------+------------+
; Slack  ; From Node ; To Node ; Launch Clock ; Latch Clock ; Relationship ; Clock Skew ; Data Delay ;
+--------+-----------+---------+--------------+-------------+--------------+------------+------------+
; -0.246 ; cnt[0]    ; cnt[1]  ; clock        ; clock       ; 1.000        ; -0.072     ; 1.176      ;
; -0.190 ; cnt[2]    ; cnt[0]  ; clock        ; clock       ; 1.000        ; -0.072     ; 1.120      ;
; -0.173 ; cnt[0]    ; cnt[2]  ; clock        ; clock       ; 1.000        ; -0.072     ; 1.103      ;
; 0.079  ; cnt[2]    ; cnt[1]  ; clock        ; clock       ; 1.000        ; -0.072     ; 0.851      ;
; 0.082  ; cnt[1]    ; cnt[0]  ; clock        ; clock       ; 1.000        ; -0.072     ; 0.848      ;
; 0.083  ; cnt[1]    ; cnt[2]  ; clock        ; clock       ; 1.000        ; -0.072     ; 0.847      ;
; 0.160  ; cnt[1]    ; cnt[1]  ; clock        ; clock       ; 1.000        ; -0.072     ; 0.770      ;
; 0.160  ; cnt[2]    ; cnt[2]  ; clock        ; clock       ; 1.000        ; -0.072     ; 0.770      ;
; 0.160  ; cnt[0]    ; cnt[0]  ; clock        ; clock       ; 1.000        ; -0.072     ; 0.770      ;
+--------+-----------+---------+--------------+-------------+--------------+------------+------------+


+---------------------------------------------------------------------------------------------------+
; Slow 1200mV 0C Model Hold: 'clock'                                                                ;
+-------+-----------+---------+--------------+-------------+--------------+------------+------------+
; Slack ; From Node ; To Node ; Launch Clock ; Latch Clock ; Relationship ; Clock Skew ; Data Delay ;
+-------+-----------+---------+--------------+-------------+--------------+------------+------------+
; 0.402 ; cnt[1]    ; cnt[1]  ; clock        ; clock       ; 0.000        ; 0.072      ; 0.669      ;
; 0.402 ; cnt[2]    ; cnt[2]  ; clock        ; clock       ; 0.000        ; 0.072      ; 0.669      ;
; 0.417 ; cnt[0]    ; cnt[0]  ; clock        ; clock       ; 0.000        ; 0.072      ; 0.684      ;
; 0.477 ; cnt[1]    ; cnt[2]  ; clock        ; clock       ; 0.000        ; 0.072      ; 0.744      ;
; 0.478 ; cnt[1]    ; cnt[0]  ; clock        ; clock       ; 0.000        ; 0.072      ; 0.745      ;
; 0.479 ; cnt[2]    ; cnt[1]  ; clock        ; clock       ; 0.000        ; 0.072      ; 0.746      ;
; 0.721 ; cnt[0]    ; cnt[1]  ; clock        ; clock       ; 0.000        ; 0.072      ; 0.988      ;
; 0.721 ; cnt[0]    ; cnt[2]  ; clock        ; clock       ; 0.000        ; 0.072      ; 0.988      ;
; 0.746 ; cnt[2]    ; cnt[0]  ; clock        ; clock       ; 0.000        ; 0.072      ; 1.013      ;
+-------+-----------+---------+--------------+-------------+--------------+------------+------------+


+--------------------------------------------------------------------------------------------------------------+
; Slow 1200mV 0C Model Minimum Pulse Width: 'clock'                                                            ;
+--------+--------------+----------------+------------------+-------+------------+-----------------------------+
; Slack  ; Actual Width ; Required Width ; Type             ; Clock ; Clock Edge ; Target                      ;
+--------+--------------+----------------+------------------+-------+------------+-----------------------------+
; -3.000 ; 1.000        ; 4.000          ; Port Rate        ; clock ; Rise       ; clock                       ;
; -1.487 ; 1.000        ; 2.487          ; Min Period       ; clock ; Rise       ; cnt[0]                      ;
; -1.487 ; 1.000        ; 2.487          ; Min Period       ; clock ; Rise       ; cnt[1]                      ;
; -1.487 ; 1.000        ; 2.487          ; Min Period       ; clock ; Rise       ; cnt[2]                      ;
; 0.277  ; 0.493        ; 0.216          ; High Pulse Width ; clock ; Rise       ; cnt[0]                      ;
; 0.277  ; 0.493        ; 0.216          ; High Pulse Width ; clock ; Rise       ; cnt[1]                      ;
; 0.277  ; 0.493        ; 0.216          ; High Pulse Width ; clock ; Rise       ; cnt[2]                      ;
; 0.321  ; 0.505        ; 0.184          ; Low Pulse Width  ; clock ; Rise       ; cnt[0]                      ;
; 0.321  ; 0.505        ; 0.184          ; Low Pulse Width  ; clock ; Rise       ; cnt[1]                      ;
; 0.321  ; 0.505        ; 0.184          ; Low Pulse Width  ; clock ; Rise       ; cnt[2]                      ;
; 0.453  ; 0.453        ; 0.000          ; Low Pulse Width  ; clock ; Rise       ; cnt[0]|clk                  ;
; 0.453  ; 0.453        ; 0.000          ; Low Pulse Width  ; clock ; Rise       ; cnt[1]|clk                  ;
; 0.453  ; 0.453        ; 0.000          ; Low Pulse Width  ; clock ; Rise       ; cnt[2]|clk                  ;
; 0.475  ; 0.475        ; 0.000          ; Low Pulse Width  ; clock ; Rise       ; clock~input|o               ;
; 0.479  ; 0.479        ; 0.000          ; Low Pulse Width  ; clock ; Rise       ; clock~inputclkctrl|inclk[0] ;
; 0.479  ; 0.479        ; 0.000          ; Low Pulse Width  ; clock ; Rise       ; clock~inputclkctrl|outclk   ;
; 0.500  ; 0.500        ; 0.000          ; High Pulse Width ; clock ; Rise       ; clock~input|i               ;
; 0.500  ; 0.500        ; 0.000          ; Low Pulse Width  ; clock ; Rise       ; clock~input|i               ;
; 0.521  ; 0.521        ; 0.000          ; High Pulse Width ; clock ; Rise       ; clock~inputclkctrl|inclk[0] ;
; 0.521  ; 0.521        ; 0.000          ; High Pulse Width ; clock ; Rise       ; clock~inputclkctrl|outclk   ;
; 0.525  ; 0.525        ; 0.000          ; High Pulse Width ; clock ; Rise       ; clock~input|o               ;
; 0.546  ; 0.546        ; 0.000          ; High Pulse Width ; clock ; Rise       ; cnt[0]|clk                  ;
; 0.546  ; 0.546        ; 0.000          ; High Pulse Width ; clock ; Rise       ; cnt[1]|clk                  ;
; 0.546  ; 0.546        ; 0.000          ; High Pulse Width ; clock ; Rise       ; cnt[2]|clk                  ;
+--------+--------------+----------------+------------------+-------+------------+-----------------------------+


+-----------------------------------------------------------------------+
; Clock to Output Times                                                 ;
+-----------+------------+-------+-------+------------+-----------------+
; Data Port ; Clock Port ; Rise  ; Fall  ; Clock Edge ; Clock Reference ;
+-----------+------------+-------+-------+------------+-----------------+
; s0        ; clock      ; 7.073 ; 6.918 ; Rise       ; clock           ;
; s1        ; clock      ; 8.639 ; 8.455 ; Rise       ; clock           ;
; s2        ; clock      ; 7.388 ; 7.433 ; Rise       ; clock           ;
; s3        ; clock      ; 7.607 ; 7.289 ; Rise       ; clock           ;
; s4        ; clock      ; 8.069 ; 7.974 ; Rise       ; clock           ;
; s5        ; clock      ; 7.024 ; 6.813 ; Rise       ; clock           ;
; s6        ; clock      ; 7.443 ; 7.164 ; Rise       ; clock           ;
; s7        ; clock      ; 7.326 ; 7.064 ; Rise       ; clock           ;
+-----------+------------+-------+-------+------------+-----------------+


+-----------------------------------------------------------------------+
; Minimum Clock to Output Times                                         ;
+-----------+------------+-------+-------+------------+-----------------+
; Data Port ; Clock Port ; Rise  ; Fall  ; Clock Edge ; Clock Reference ;
+-----------+------------+-------+-------+------------+-----------------+
; s0        ; clock      ; 6.505 ; 6.336 ; Rise       ; clock           ;
; s1        ; clock      ; 8.144 ; 7.903 ; Rise       ; clock           ;
; s2        ; clock      ; 6.539 ; 6.712 ; Rise       ; clock           ;
; s3        ; clock      ; 6.729 ; 6.559 ; Rise       ; clock           ;
; s4        ; clock      ; 7.376 ; 7.192 ; Rise       ; clock           ;
; s5        ; clock      ; 6.538 ; 6.309 ; Rise       ; clock           ;
; s6        ; clock      ; 6.869 ; 6.639 ; Rise       ; clock           ;
; s7        ; clock      ; 6.641 ; 6.446 ; Rise       ; clock           ;
+-----------+------------+-------+-------+------------+-----------------+


+----------------------------------------------------------+
; Propagation Delay                                        ;
+------------+-------------+-------+-------+-------+-------+
; Input Port ; Output Port ; RR    ; RF    ; FR    ; FF    ;
+------------+-------------+-------+-------+-------+-------+
; sel[0]     ; s2          ; 7.064 ; 7.266 ; 7.195 ; 7.403 ;
; sel[0]     ; s3          ; 7.281 ; 7.080 ; 7.418 ; 7.211 ;
; sel[0]     ; s4          ;       ; 7.841 ; 8.208 ;       ;
; sel[1]     ; s2          ; 7.382 ; 7.537 ; 7.470 ; 7.654 ;
; sel[1]     ; s3          ; 7.556 ; 7.402 ; 7.672 ; 7.489 ;
; sel[1]     ; s4          ; 7.572 ;       ;       ; 7.464 ;
+------------+-------------+-------+-------+-------+-------+


+----------------------------------------------------------+
; Minimum Propagation Delay                                ;
+------------+-------------+-------+-------+-------+-------+
; Input Port ; Output Port ; RR    ; RF    ; FR    ; FF    ;
+------------+-------------+-------+-------+-------+-------+
; sel[0]     ; s2          ; 6.800 ; 6.997 ; 6.927 ; 7.129 ;
; sel[0]     ; s3          ; 7.010 ; 6.816 ; 7.142 ; 6.943 ;
; sel[0]     ; s4          ;       ; 7.544 ; 7.899 ;       ;
; sel[1]     ; s2          ; 7.107 ; 7.258 ; 7.191 ; 7.370 ;
; sel[1]     ; s3          ; 7.274 ; 7.126 ; 7.386 ; 7.210 ;
; sel[1]     ; s4          ; 7.287 ;       ;       ; 7.182 ;
+------------+-------------+-------+-------+-------+-------+


----------------------------------------------
; Slow 1200mV 0C Model Metastability Summary ;
----------------------------------------------
No synchronizer chains to report.


+------------------------------------+
; Fast 1200mV 0C Model Setup Summary ;
+-------+-------+--------------------+
; Clock ; Slack ; End Point TNS      ;
+-------+-------+--------------------+
; clock ; 0.389 ; 0.000              ;
+-------+-------+--------------------+


+-----------------------------------+
; Fast 1200mV 0C Model Hold Summary ;
+-------+-------+-------------------+
; Clock ; Slack ; End Point TNS     ;
+-------+-------+-------------------+
; clock ; 0.187 ; 0.000             ;
+-------+-------+-------------------+


-----------------------------------------
; Fast 1200mV 0C Model Recovery Summary ;
-----------------------------------------
No paths to report.


----------------------------------------
; Fast 1200mV 0C Model Removal Summary ;
----------------------------------------
No paths to report.


+--------------------------------------------------+
; Fast 1200mV 0C Model Minimum Pulse Width Summary ;
+-------+--------+---------------------------------+
; Clock ; Slack  ; End Point TNS                   ;
+-------+--------+---------------------------------+
; clock ; -3.000 ; -6.195                          ;
+-------+--------+---------------------------------+


+---------------------------------------------------------------------------------------------------+
; Fast 1200mV 0C Model Setup: 'clock'                                                               ;
+-------+-----------+---------+--------------+-------------+--------------+------------+------------+
; Slack ; From Node ; To Node ; Launch Clock ; Latch Clock ; Relationship ; Clock Skew ; Data Delay ;
+-------+-----------+---------+--------------+-------------+--------------+------------+------------+
; 0.389 ; cnt[0]    ; cnt[1]  ; clock        ; clock       ; 1.000        ; -0.036     ; 0.562      ;
; 0.420 ; cnt[0]    ; cnt[2]  ; clock        ; clock       ; 1.000        ; -0.036     ; 0.531      ;
; 0.421 ; cnt[2]    ; cnt[0]  ; clock        ; clock       ; 1.000        ; -0.036     ; 0.530      ;
; 0.562 ; cnt[1]    ; cnt[2]  ; clock        ; clock       ; 1.000        ; -0.036     ; 0.389      ;
; 0.564 ; cnt[2]    ; cnt[1]  ; clock        ; clock       ; 1.000        ; -0.036     ; 0.387      ;
; 0.564 ; cnt[1]    ; cnt[0]  ; clock        ; clock       ; 1.000        ; -0.036     ; 0.387      ;
; 0.592 ; cnt[1]    ; cnt[1]  ; clock        ; clock       ; 1.000        ; -0.036     ; 0.359      ;
; 0.592 ; cnt[2]    ; cnt[2]  ; clock        ; clock       ; 1.000        ; -0.036     ; 0.359      ;
; 0.592 ; cnt[0]    ; cnt[0]  ; clock        ; clock       ; 1.000        ; -0.036     ; 0.359      ;
+-------+-----------+---------+--------------+-------------+--------------+------------+------------+


+---------------------------------------------------------------------------------------------------+
; Fast 1200mV 0C Model Hold: 'clock'                                                                ;
+-------+-----------+---------+--------------+-------------+--------------+------------+------------+
; Slack ; From Node ; To Node ; Launch Clock ; Latch Clock ; Relationship ; Clock Skew ; Data Delay ;
+-------+-----------+---------+--------------+-------------+--------------+------------+------------+
; 0.187 ; cnt[1]    ; cnt[1]  ; clock        ; clock       ; 0.000        ; 0.036      ; 0.307      ;
; 0.187 ; cnt[2]    ; cnt[2]  ; clock        ; clock       ; 0.000        ; 0.036      ; 0.307      ;
; 0.194 ; cnt[0]    ; cnt[0]  ; clock        ; clock       ; 0.000        ; 0.036      ; 0.314      ;
; 0.209 ; cnt[1]    ; cnt[2]  ; clock        ; clock       ; 0.000        ; 0.036      ; 0.329      ;
; 0.214 ; cnt[2]    ; cnt[1]  ; clock        ; clock       ; 0.000        ; 0.036      ; 0.334      ;
; 0.214 ; cnt[1]    ; cnt[0]  ; clock        ; clock       ; 0.000        ; 0.036      ; 0.334      ;
; 0.313 ; cnt[0]    ; cnt[1]  ; clock        ; clock       ; 0.000        ; 0.036      ; 0.433      ;
; 0.313 ; cnt[0]    ; cnt[2]  ; clock        ; clock       ; 0.000        ; 0.036      ; 0.433      ;
; 0.323 ; cnt[2]    ; cnt[0]  ; clock        ; clock       ; 0.000        ; 0.036      ; 0.443      ;
+-------+-----------+---------+--------------+-------------+--------------+------------+------------+


+--------------------------------------------------------------------------------------------------------------+
; Fast 1200mV 0C Model Minimum Pulse Width: 'clock'                                                            ;
+--------+--------------+----------------+------------------+-------+------------+-----------------------------+
; Slack  ; Actual Width ; Required Width ; Type             ; Clock ; Clock Edge ; Target                      ;
+--------+--------------+----------------+------------------+-------+------------+-----------------------------+
; -3.000 ; 1.000        ; 4.000          ; Port Rate        ; clock ; Rise       ; clock                       ;
; -1.000 ; 1.000        ; 2.000          ; Min Period       ; clock ; Rise       ; cnt[0]                      ;
; -1.000 ; 1.000        ; 2.000          ; Min Period       ; clock ; Rise       ; cnt[1]                      ;
; -1.000 ; 1.000        ; 2.000          ; Min Period       ; clock ; Rise       ; cnt[2]                      ;
; -0.065 ; 0.119        ; 0.184          ; Low Pulse Width  ; clock ; Rise       ; cnt[0]                      ;
; -0.065 ; 0.119        ; 0.184          ; Low Pulse Width  ; clock ; Rise       ; cnt[1]                      ;
; -0.065 ; 0.119        ; 0.184          ; Low Pulse Width  ; clock ; Rise       ; cnt[2]                      ;
; 0.115  ; 0.115        ; 0.000          ; Low Pulse Width  ; clock ; Rise       ; cnt[0]|clk                  ;
; 0.115  ; 0.115        ; 0.000          ; Low Pulse Width  ; clock ; Rise       ; cnt[1]|clk                  ;
; 0.115  ; 0.115        ; 0.000          ; Low Pulse Width  ; clock ; Rise       ; cnt[2]|clk                  ;
; 0.120  ; 0.120        ; 0.000          ; Low Pulse Width  ; clock ; Rise       ; clock~input|o               ;
; 0.139  ; 0.139        ; 0.000          ; Low Pulse Width  ; clock ; Rise       ; clock~inputclkctrl|inclk[0] ;
; 0.139  ; 0.139        ; 0.000          ; Low Pulse Width  ; clock ; Rise       ; clock~inputclkctrl|outclk   ;
; 0.500  ; 0.500        ; 0.000          ; High Pulse Width ; clock ; Rise       ; clock~input|i               ;
; 0.500  ; 0.500        ; 0.000          ; Low Pulse Width  ; clock ; Rise       ; clock~input|i               ;
; 0.661  ; 0.877        ; 0.216          ; High Pulse Width ; clock ; Rise       ; cnt[0]                      ;
; 0.661  ; 0.877        ; 0.216          ; High Pulse Width ; clock ; Rise       ; cnt[1]                      ;
; 0.661  ; 0.877        ; 0.216          ; High Pulse Width ; clock ; Rise       ; cnt[2]                      ;
; 0.861  ; 0.861        ; 0.000          ; High Pulse Width ; clock ; Rise       ; clock~inputclkctrl|inclk[0] ;
; 0.861  ; 0.861        ; 0.000          ; High Pulse Width ; clock ; Rise       ; clock~inputclkctrl|outclk   ;
; 0.880  ; 0.880        ; 0.000          ; High Pulse Width ; clock ; Rise       ; clock~input|o               ;
; 0.883  ; 0.883        ; 0.000          ; High Pulse Width ; clock ; Rise       ; cnt[0]|clk                  ;
; 0.883  ; 0.883        ; 0.000          ; High Pulse Width ; clock ; Rise       ; cnt[1]|clk                  ;
; 0.883  ; 0.883        ; 0.000          ; High Pulse Width ; clock ; Rise       ; cnt[2]|clk                  ;
+--------+--------------+----------------+------------------+-------+------------+-----------------------------+


+-----------------------------------------------------------------------+
; Clock to Output Times                                                 ;
+-----------+------------+-------+-------+------------+-----------------+
; Data Port ; Clock Port ; Rise  ; Fall  ; Clock Edge ; Clock Reference ;
+-----------+------------+-------+-------+------------+-----------------+
; s0        ; clock      ; 3.639 ; 3.587 ; Rise       ; clock           ;
; s1        ; clock      ; 4.682 ; 4.697 ; Rise       ; clock           ;
; s2        ; clock      ; 3.749 ; 3.800 ; Rise       ; clock           ;
; s3        ; clock      ; 3.742 ; 3.846 ; Rise       ; clock           ;
; s4        ; clock      ; 4.069 ; 4.062 ; Rise       ; clock           ;
; s5        ; clock      ; 3.535 ; 3.620 ; Rise       ; clock           ;
; s6        ; clock      ; 3.707 ; 3.819 ; Rise       ; clock           ;
; s7        ; clock      ; 3.637 ; 3.744 ; Rise       ; clock           ;
+-----------+------------+-------+-------+------------+-----------------+


+-----------------------------------------------------------------------+
; Minimum Clock to Output Times                                         ;
+-----------+------------+-------+-------+------------+-----------------+
; Data Port ; Clock Port ; Rise  ; Fall  ; Clock Edge ; Clock Reference ;
+-----------+------------+-------+-------+------------+-----------------+
; s0        ; clock      ; 3.360 ; 3.322 ; Rise       ; clock           ;
; s1        ; clock      ; 4.373 ; 4.516 ; Rise       ; clock           ;
; s2        ; clock      ; 3.419 ; 3.394 ; Rise       ; clock           ;
; s3        ; clock      ; 3.405 ; 3.432 ; Rise       ; clock           ;
; s4        ; clock      ; 3.719 ; 3.741 ; Rise       ; clock           ;
; s5        ; clock      ; 3.306 ; 3.378 ; Rise       ; clock           ;
; s6        ; clock      ; 3.518 ; 3.500 ; Rise       ; clock           ;
; s7        ; clock      ; 3.356 ; 3.433 ; Rise       ; clock           ;
+-----------+------------+-------+-------+------------+-----------------+


+----------------------------------------------------------+
; Propagation Delay                                        ;
+------------+-------------+-------+-------+-------+-------+
; Input Port ; Output Port ; RR    ; RF    ; FR    ; FF    ;
+------------+-------------+-------+-------+-------+-------+
; sel[0]     ; s2          ; 3.851 ; 3.831 ; 4.412 ; 4.399 ;
; sel[0]     ; s3          ; 3.839 ; 3.860 ; 4.407 ; 4.421 ;
; sel[0]     ; s4          ;       ; 4.231 ; 4.729 ;       ;
; sel[1]     ; s2          ; 3.971 ; 3.943 ; 4.553 ; 4.526 ;
; sel[1]     ; s3          ; 3.954 ; 3.983 ; 4.537 ; 4.565 ;
; sel[1]     ; s4          ; 3.950 ;       ;       ; 4.560 ;
+------------+-------------+-------+-------+-------+-------+


+----------------------------------------------------------+
; Minimum Propagation Delay                                ;
+------------+-------------+-------+-------+-------+-------+
; Input Port ; Output Port ; RR    ; RF    ; FR    ; FF    ;
+------------+-------------+-------+-------+-------+-------+
; sel[0]     ; s2          ; 3.726 ; 3.706 ; 4.279 ; 4.266 ;
; sel[0]     ; s3          ; 3.714 ; 3.736 ; 4.274 ; 4.289 ;
; sel[0]     ; s4          ;       ; 4.093 ; 4.584 ;       ;
; sel[1]     ; s2          ; 3.842 ; 3.815 ; 4.414 ; 4.388 ;
; sel[1]     ; s3          ; 3.825 ; 3.854 ; 4.398 ; 4.426 ;
; sel[1]     ; s4          ; 3.821 ;       ;       ; 4.424 ;
+------------+-------------+-------+-------+-------+-------+


----------------------------------------------
; Fast 1200mV 0C Model Metastability Summary ;
----------------------------------------------
No synchronizer chains to report.


+------------------------------------------------------------------------------+
; Multicorner Timing Analysis Summary                                          ;
+------------------+--------+-------+----------+---------+---------------------+
; Clock            ; Setup  ; Hold  ; Recovery ; Removal ; Minimum Pulse Width ;
+------------------+--------+-------+----------+---------+---------------------+
; Worst-case Slack ; -0.384 ; 0.187 ; N/A      ; N/A     ; -3.000              ;
;  clock           ; -0.384 ; 0.187 ; N/A      ; N/A     ; -3.000              ;
; Design-wide TNS  ; -1.016 ; 0.0   ; 0.0      ; 0.0     ; -7.461              ;
;  clock           ; -1.016 ; 0.000 ; N/A      ; N/A     ; -7.461              ;
+------------------+--------+-------+----------+---------+---------------------+


+-----------------------------------------------------------------------+
; Clock to Output Times                                                 ;
+-----------+------------+-------+-------+------------+-----------------+
; Data Port ; Clock Port ; Rise  ; Fall  ; Clock Edge ; Clock Reference ;
+-----------+------------+-------+-------+------------+-----------------+
; s0        ; clock      ; 7.795 ; 7.610 ; Rise       ; clock           ;
; s1        ; clock      ; 9.552 ; 9.407 ; Rise       ; clock           ;
; s2        ; clock      ; 8.086 ; 8.185 ; Rise       ; clock           ;
; s3        ; clock      ; 8.269 ; 8.088 ; Rise       ; clock           ;
; s4        ; clock      ; 8.865 ; 8.755 ; Rise       ; clock           ;
; s5        ; clock      ; 7.666 ; 7.560 ; Rise       ; clock           ;
; s6        ; clock      ; 8.099 ; 7.949 ; Rise       ; clock           ;
; s7        ; clock      ; 7.981 ; 7.841 ; Rise       ; clock           ;
+-----------+------------+-------+-------+------------+-----------------+


+-----------------------------------------------------------------------+
; Minimum Clock to Output Times                                         ;
+-----------+------------+-------+-------+------------+-----------------+
; Data Port ; Clock Port ; Rise  ; Fall  ; Clock Edge ; Clock Reference ;
+-----------+------------+-------+-------+------------+-----------------+
; s0        ; clock      ; 3.360 ; 3.322 ; Rise       ; clock           ;
; s1        ; clock      ; 4.373 ; 4.516 ; Rise       ; clock           ;
; s2        ; clock      ; 3.419 ; 3.394 ; Rise       ; clock           ;
; s3        ; clock      ; 3.405 ; 3.432 ; Rise       ; clock           ;
; s4        ; clock      ; 3.719 ; 3.741 ; Rise       ; clock           ;
; s5        ; clock      ; 3.306 ; 3.378 ; Rise       ; clock           ;
; s6        ; clock      ; 3.518 ; 3.500 ; Rise       ; clock           ;
; s7        ; clock      ; 3.356 ; 3.433 ; Rise       ; clock           ;
+-----------+------------+-------+-------+------------+-----------------+


+----------------------------------------------------------+
; Propagation Delay                                        ;
+------------+-------------+-------+-------+-------+-------+
; Input Port ; Output Port ; RR    ; RF    ; FR    ; FF    ;
+------------+-------------+-------+-------+-------+-------+
; sel[0]     ; s2          ; 7.904 ; 8.066 ; 8.162 ; 8.331 ;
; sel[0]     ; s3          ; 8.085 ; 7.924 ; 8.349 ; 8.181 ;
; sel[0]     ; s4          ;       ; 8.766 ; 9.187 ;       ;
; sel[1]     ; s2          ; 8.232 ; 8.353 ; 8.469 ; 8.614 ;
; sel[1]     ; s3          ; 8.374 ; 8.254 ; 8.635 ; 8.491 ;
; sel[1]     ; s4          ; 8.384 ;       ;       ; 8.461 ;
+------------+-------------+-------+-------+-------+-------+


+----------------------------------------------------------+
; Minimum Propagation Delay                                ;
+------------+-------------+-------+-------+-------+-------+
; Input Port ; Output Port ; RR    ; RF    ; FR    ; FF    ;
+------------+-------------+-------+-------+-------+-------+
; sel[0]     ; s2          ; 3.726 ; 3.706 ; 4.279 ; 4.266 ;
; sel[0]     ; s3          ; 3.714 ; 3.736 ; 4.274 ; 4.289 ;
; sel[0]     ; s4          ;       ; 4.093 ; 4.584 ;       ;
; sel[1]     ; s2          ; 3.842 ; 3.815 ; 4.414 ; 4.388 ;
; sel[1]     ; s3          ; 3.825 ; 3.854 ; 4.398 ; 4.426 ;
; sel[1]     ; s4          ; 3.821 ;       ;       ; 4.424 ;
+------------+-------------+-------+-------+-------+-------+


+------------------------------------------------------------------------------------------------------------------------------------------------------------------------------------------------------------------------------------------------------------------------------------------------------------------------------------------------------------------------------------------------------------------+
; Board Trace Model Assignments                                                                                                                                                                                                                                                                                                                                                                                    ;
+---------------+--------------+-------------------+-------------------------+-------------------------+---------------+---------------------+----------------+------------------+--------+------------------+------------------------+------------------------+--------------+---------------+-----------------+-------+---------------------+--------------------+---------------+-----------------+-------------+
; Pin           ; I/O Standard ; Near Tline Length ; Near Tline L per Length ; Near Tline C per Length ; Near Series R ; Near Differential R ; Near Pull-up R ; Near Pull-down R ; Near C ; Far Tline Length ; Far Tline L per Length ; Far Tline C per Length ; Far Series R ; Far Pull-up R ; Far Pull-down R ; Far C ; Termination Voltage ; Far Differential R ; EBD File Name ; EBD Signal Name ; EBD Far-end ;
+---------------+--------------+-------------------+-------------------------+-------------------------+---------------+---------------------+----------------+------------------+--------+------------------+------------------------+------------------------+--------------+---------------+-----------------+-------+---------------------+--------------------+---------------+-----------------+-------------+
; s0            ; 2.5 V        ; 0 in              ; 0 H/in                  ; 0 F/in                  ; short         ; -                   ; open           ; open             ; open   ; 0 in             ; 0 H/in                 ; 0 F/in                 ; short        ; open          ; open            ; open  ; 0 V                 ; -                  ; n/a           ; n/a             ; n/a         ;
; s1            ; 2.5 V        ; 0 in              ; 0 H/in                  ; 0 F/in                  ; short         ; -                   ; open           ; open             ; open   ; 0 in             ; 0 H/in                 ; 0 F/in                 ; short        ; open          ; open            ; open  ; 0 V                 ; -                  ; n/a           ; n/a             ; n/a         ;
; s2            ; 2.5 V        ; 0 in              ; 0 H/in                  ; 0 F/in                  ; short         ; -                   ; open           ; open             ; open   ; 0 in             ; 0 H/in                 ; 0 F/in                 ; short        ; open          ; open            ; open  ; 0 V                 ; -                  ; n/a           ; n/a             ; n/a         ;
; s3            ; 2.5 V        ; 0 in              ; 0 H/in                  ; 0 F/in                  ; short         ; -                   ; open           ; open             ; open   ; 0 in             ; 0 H/in                 ; 0 F/in                 ; short        ; open          ; open            ; open  ; 0 V                 ; -                  ; n/a           ; n/a             ; n/a         ;
; s4            ; 2.5 V        ; 0 in              ; 0 H/in                  ; 0 F/in                  ; short         ; -                   ; open           ; open             ; open   ; 0 in             ; 0 H/in                 ; 0 F/in                 ; short        ; open          ; open            ; open  ; 0 V                 ; -                  ; n/a           ; n/a             ; n/a         ;
; s5            ; 2.5 V        ; 0 in              ; 0 H/in                  ; 0 F/in                  ; short         ; -                   ; open           ; open             ; open   ; 0 in             ; 0 H/in                 ; 0 F/in                 ; short        ; open          ; open            ; open  ; 0 V                 ; -                  ; n/a           ; n/a             ; n/a         ;
; s6            ; 2.5 V        ; 0 in              ; 0 H/in                  ; 0 F/in                  ; short         ; -                   ; open           ; open             ; open   ; 0 in             ; 0 H/in                 ; 0 F/in                 ; short        ; open          ; open            ; open  ; 0 V                 ; -                  ; n/a           ; n/a             ; n/a         ;
; s7            ; 2.5 V        ; 0 in              ; 0 H/in                  ; 0 F/in                  ; short         ; -                   ; open           ; open             ; open   ; 0 in             ; 0 H/in                 ; 0 F/in                 ; short        ; open          ; open            ; open  ; 0 V                 ; -                  ; n/a           ; n/a             ; n/a         ;
; ~ALTERA_DCLK~ ; 2.5 V        ; 0 in              ; 0 H/in                  ; 0 F/in                  ; short         ; -                   ; open           ; open             ; open   ; 0 in             ; 0 H/in                 ; 0 F/in                 ; short        ; open          ; open            ; open  ; 0 V                 ; -                  ; n/a           ; n/a             ; n/a         ;
; ~ALTERA_nCEO~ ; 2.5 V        ; 0 in              ; 0 H/in                  ; 0 F/in                  ; short         ; -                   ; open           ; open             ; open   ; 0 in             ; 0 H/in                 ; 0 F/in                 ; short        ; open          ; open            ; open  ; 0 V                 ; -                  ; n/a           ; n/a             ; n/a         ;
+---------------+--------------+-------------------+-------------------------+-------------------------+---------------+---------------------+----------------+------------------+--------+------------------+------------------------+------------------------+--------------+---------------+-----------------+-------+---------------------+--------------------+---------------+-----------------+-------------+


+----------------------------------------------------------------------------+
; Input Transition Times                                                     ;
+-------------------------+--------------+-----------------+-----------------+
; Pin                     ; I/O Standard ; 10-90 Rise Time ; 90-10 Fall Time ;
+-------------------------+--------------+-----------------+-----------------+
; sel[1]                  ; 2.5 V        ; 2000 ps         ; 2000 ps         ;
; sel[0]                  ; 2.5 V        ; 2000 ps         ; 2000 ps         ;
; clock                   ; 2.5 V        ; 2000 ps         ; 2000 ps         ;
; reset                   ; 2.5 V        ; 2000 ps         ; 2000 ps         ;
; ~ALTERA_ASDO_DATA1~     ; 2.5 V        ; 2000 ps         ; 2000 ps         ;
; ~ALTERA_FLASH_nCE_nCSO~ ; 2.5 V        ; 2000 ps         ; 2000 ps         ;
; ~ALTERA_DATA0~          ; 2.5 V        ; 2000 ps         ; 2000 ps         ;
+-------------------------+--------------+-----------------+-----------------+


+--------------------------------------------------------------------------------------------------------------------------------------------------------------------------------------------------------------------------------------------------------------------------------------------------------------------------------------------------------------------------------------------------------------------------------------------------------------------------------------------------------------------------------------------------------------------------------------------------------------------------------------------------------------------------------------------+
; Signal Integrity Metrics (Slow 1200mv 0c Model)                                                                                                                                                                                                                                                                                                                                                                                                                                                                                                                                                                                                                                            ;
+---------------+--------------+---------------------+---------------------+------------------------------+------------------------------+---------------------+---------------------+--------------------------------------+--------------------------------------+-----------------------------+-----------------------------+----------------------------+----------------------------+-----------------------------+-----------------------------+--------------------+--------------------+-------------------------------------+-------------------------------------+----------------------------+----------------------------+---------------------------+---------------------------+
; Pin           ; I/O Standard ; Board Delay on Rise ; Board Delay on Fall ; Steady State Voh at FPGA Pin ; Steady State Vol at FPGA Pin ; Voh Max at FPGA Pin ; Vol Min at FPGA Pin ; Ringback Voltage on Rise at FPGA Pin ; Ringback Voltage on Fall at FPGA Pin ; 10-90 Rise Time at FPGA Pin ; 90-10 Fall Time at FPGA Pin ; Monotonic Rise at FPGA Pin ; Monotonic Fall at FPGA Pin ; Steady State Voh at Far-end ; Steady State Vol at Far-end ; Voh Max at Far-end ; Vol Min at Far-end ; Ringback Voltage on Rise at Far-end ; Ringback Voltage on Fall at Far-end ; 10-90 Rise Time at Far-end ; 90-10 Fall Time at Far-end ; Monotonic Rise at Far-end ; Monotonic Fall at Far-end ;
+---------------+--------------+---------------------+---------------------+------------------------------+------------------------------+---------------------+---------------------+--------------------------------------+--------------------------------------+-----------------------------+-----------------------------+----------------------------+----------------------------+-----------------------------+-----------------------------+--------------------+--------------------+-------------------------------------+-------------------------------------+----------------------------+----------------------------+---------------------------+---------------------------+
; s0            ; 2.5 V        ; 0 s                 ; 0 s                 ; 2.32 V                       ; 2.8e-09 V                    ; 2.37 V              ; -0.00373 V          ; 0.104 V                              ; 0.011 V                              ; 4.34e-10 s                  ; 3.82e-10 s                  ; Yes                        ; Yes                        ; 2.32 V                      ; 2.8e-09 V                   ; 2.37 V             ; -0.00373 V         ; 0.104 V                             ; 0.011 V                             ; 4.34e-10 s                 ; 3.82e-10 s                 ; Yes                       ; Yes                       ;
; s1            ; 2.5 V        ; 0 s                 ; 0 s                 ; 2.32 V                       ; 2.8e-09 V                    ; 2.33 V              ; -0.00425 V          ; 0.168 V                              ; 0.058 V                              ; 3.12e-09 s                  ; 2.87e-09 s                  ; Yes                        ; Yes                        ; 2.32 V                      ; 2.8e-09 V                   ; 2.33 V             ; -0.00425 V         ; 0.168 V                             ; 0.058 V                             ; 3.12e-09 s                 ; 2.87e-09 s                 ; Yes                       ; Yes                       ;
; s2            ; 2.5 V        ; 0 s                 ; 0 s                 ; 2.32 V                       ; 2.8e-09 V                    ; 2.37 V              ; -0.00373 V          ; 0.104 V                              ; 0.011 V                              ; 4.34e-10 s                  ; 3.82e-10 s                  ; Yes                        ; Yes                        ; 2.32 V                      ; 2.8e-09 V                   ; 2.37 V             ; -0.00373 V         ; 0.104 V                             ; 0.011 V                             ; 4.34e-10 s                 ; 3.82e-10 s                 ; Yes                       ; Yes                       ;
; s3            ; 2.5 V        ; 0 s                 ; 0 s                 ; 2.32 V                       ; 2.8e-09 V                    ; 2.37 V              ; -0.00373 V          ; 0.104 V                              ; 0.011 V                              ; 4.34e-10 s                  ; 3.82e-10 s                  ; Yes                        ; Yes                        ; 2.32 V                      ; 2.8e-09 V                   ; 2.37 V             ; -0.00373 V         ; 0.104 V                             ; 0.011 V                             ; 4.34e-10 s                 ; 3.82e-10 s                 ; Yes                       ; Yes                       ;
; s4            ; 2.5 V        ; 0 s                 ; 0 s                 ; 2.32 V                       ; 2.07e-09 V                   ; 2.38 V              ; -0.0073 V           ; 0.097 V                              ; 0.018 V                              ; 4.24e-10 s                  ; 3.65e-10 s                  ; No                         ; Yes                        ; 2.32 V                      ; 2.07e-09 V                  ; 2.38 V             ; -0.0073 V          ; 0.097 V                             ; 0.018 V                             ; 4.24e-10 s                 ; 3.65e-10 s                 ; No                        ; Yes                       ;
; s5            ; 2.5 V        ; 0 s                 ; 0 s                 ; 2.32 V                       ; 2.8e-09 V                    ; 2.37 V              ; -0.00373 V          ; 0.104 V                              ; 0.011 V                              ; 4.34e-10 s                  ; 3.82e-10 s                  ; Yes                        ; Yes                        ; 2.32 V                      ; 2.8e-09 V                   ; 2.37 V             ; -0.00373 V         ; 0.104 V                             ; 0.011 V                             ; 4.34e-10 s                 ; 3.82e-10 s                 ; Yes                       ; Yes                       ;
; s6            ; 2.5 V        ; 0 s                 ; 0 s                 ; 2.32 V                       ; 2.8e-09 V                    ; 2.37 V              ; -0.00373 V          ; 0.104 V                              ; 0.011 V                              ; 4.34e-10 s                  ; 3.82e-10 s                  ; Yes                        ; Yes                        ; 2.32 V                      ; 2.8e-09 V                   ; 2.37 V             ; -0.00373 V         ; 0.104 V                             ; 0.011 V                             ; 4.34e-10 s                 ; 3.82e-10 s                 ; Yes                       ; Yes                       ;
; s7            ; 2.5 V        ; 0 s                 ; 0 s                 ; 2.32 V                       ; 2.8e-09 V                    ; 2.37 V              ; -0.00373 V          ; 0.104 V                              ; 0.011 V                              ; 4.34e-10 s                  ; 3.82e-10 s                  ; Yes                        ; Yes                        ; 2.32 V                      ; 2.8e-09 V                   ; 2.37 V             ; -0.00373 V         ; 0.104 V                             ; 0.011 V                             ; 4.34e-10 s                 ; 3.82e-10 s                 ; Yes                       ; Yes                       ;
; ~ALTERA_DCLK~ ; 2.5 V        ; 0 s                 ; 0 s                 ; 2.32 V                       ; 1.74e-09 V                   ; 2.37 V              ; -0.0346 V           ; 0.198 V                              ; 0.094 V                              ; 3.14e-10 s                  ; 2.92e-10 s                  ; Yes                        ; Yes                        ; 2.32 V                      ; 1.74e-09 V                  ; 2.37 V             ; -0.0346 V          ; 0.198 V                             ; 0.094 V                             ; 3.14e-10 s                 ; 2.92e-10 s                 ; Yes                       ; Yes                       ;
; ~ALTERA_nCEO~ ; 2.5 V        ; 0 s                 ; 0 s                 ; 2.32 V                       ; 2.57e-09 V                   ; 2.37 V              ; -0.00683 V          ; 0.171 V                              ; 0.018 V                              ; 4.97e-10 s                  ; 6.66e-10 s                  ; Yes                        ; Yes                        ; 2.32 V                      ; 2.57e-09 V                  ; 2.37 V             ; -0.00683 V         ; 0.171 V                             ; 0.018 V                             ; 4.97e-10 s                 ; 6.66e-10 s                 ; Yes                       ; Yes                       ;
+---------------+--------------+---------------------+---------------------+------------------------------+------------------------------+---------------------+---------------------+--------------------------------------+--------------------------------------+-----------------------------+-----------------------------+----------------------------+----------------------------+-----------------------------+-----------------------------+--------------------+--------------------+-------------------------------------+-------------------------------------+----------------------------+----------------------------+---------------------------+---------------------------+


+--------------------------------------------------------------------------------------------------------------------------------------------------------------------------------------------------------------------------------------------------------------------------------------------------------------------------------------------------------------------------------------------------------------------------------------------------------------------------------------------------------------------------------------------------------------------------------------------------------------------------------------------------------------------------------------------+
; Signal Integrity Metrics (Slow 1200mv 85c Model)                                                                                                                                                                                                                                                                                                                                                                                                                                                                                                                                                                                                                                           ;
+---------------+--------------+---------------------+---------------------+------------------------------+------------------------------+---------------------+---------------------+--------------------------------------+--------------------------------------+-----------------------------+-----------------------------+----------------------------+----------------------------+-----------------------------+-----------------------------+--------------------+--------------------+-------------------------------------+-------------------------------------+----------------------------+----------------------------+---------------------------+---------------------------+
; Pin           ; I/O Standard ; Board Delay on Rise ; Board Delay on Fall ; Steady State Voh at FPGA Pin ; Steady State Vol at FPGA Pin ; Voh Max at FPGA Pin ; Vol Min at FPGA Pin ; Ringback Voltage on Rise at FPGA Pin ; Ringback Voltage on Fall at FPGA Pin ; 10-90 Rise Time at FPGA Pin ; 90-10 Fall Time at FPGA Pin ; Monotonic Rise at FPGA Pin ; Monotonic Fall at FPGA Pin ; Steady State Voh at Far-end ; Steady State Vol at Far-end ; Voh Max at Far-end ; Vol Min at Far-end ; Ringback Voltage on Rise at Far-end ; Ringback Voltage on Fall at Far-end ; 10-90 Rise Time at Far-end ; 90-10 Fall Time at Far-end ; Monotonic Rise at Far-end ; Monotonic Fall at Far-end ;
+---------------+--------------+---------------------+---------------------+------------------------------+------------------------------+---------------------+---------------------+--------------------------------------+--------------------------------------+-----------------------------+-----------------------------+----------------------------+----------------------------+-----------------------------+-----------------------------+--------------------+--------------------+-------------------------------------+-------------------------------------+----------------------------+----------------------------+---------------------------+---------------------------+
; s0            ; 2.5 V        ; 0 s                 ; 0 s                 ; 2.32 V                       ; 2.85e-07 V                   ; 2.35 V              ; -0.0123 V           ; 0.144 V                              ; 0.042 V                              ; 4.81e-10 s                  ; 4.81e-10 s                  ; Yes                        ; Yes                        ; 2.32 V                      ; 2.85e-07 V                  ; 2.35 V             ; -0.0123 V          ; 0.144 V                             ; 0.042 V                             ; 4.81e-10 s                 ; 4.81e-10 s                 ; Yes                       ; Yes                       ;
; s1            ; 2.5 V        ; 0 s                 ; 0 s                 ; 2.32 V                       ; 2.85e-07 V                   ; 2.33 V              ; -0.00229 V          ; 0.111 V                              ; 0.057 V                              ; 3.78e-09 s                  ; 3.5e-09 s                   ; Yes                        ; Yes                        ; 2.32 V                      ; 2.85e-07 V                  ; 2.33 V             ; -0.00229 V         ; 0.111 V                             ; 0.057 V                             ; 3.78e-09 s                 ; 3.5e-09 s                  ; Yes                       ; Yes                       ;
; s2            ; 2.5 V        ; 0 s                 ; 0 s                 ; 2.32 V                       ; 2.85e-07 V                   ; 2.35 V              ; -0.0123 V           ; 0.144 V                              ; 0.042 V                              ; 4.81e-10 s                  ; 4.81e-10 s                  ; Yes                        ; Yes                        ; 2.32 V                      ; 2.85e-07 V                  ; 2.35 V             ; -0.0123 V          ; 0.144 V                             ; 0.042 V                             ; 4.81e-10 s                 ; 4.81e-10 s                 ; Yes                       ; Yes                       ;
; s3            ; 2.5 V        ; 0 s                 ; 0 s                 ; 2.32 V                       ; 2.85e-07 V                   ; 2.35 V              ; -0.0123 V           ; 0.144 V                              ; 0.042 V                              ; 4.81e-10 s                  ; 4.81e-10 s                  ; Yes                        ; Yes                        ; 2.32 V                      ; 2.85e-07 V                  ; 2.35 V             ; -0.0123 V          ; 0.144 V                             ; 0.042 V                             ; 4.81e-10 s                 ; 4.81e-10 s                 ; Yes                       ; Yes                       ;
; s4            ; 2.5 V        ; 0 s                 ; 0 s                 ; 2.32 V                       ; 1.93e-07 V                   ; 2.35 V              ; -0.00834 V          ; 0.127 V                              ; 0.035 V                              ; 4.7e-10 s                   ; 4.64e-10 s                  ; Yes                        ; Yes                        ; 2.32 V                      ; 1.93e-07 V                  ; 2.35 V             ; -0.00834 V         ; 0.127 V                             ; 0.035 V                             ; 4.7e-10 s                  ; 4.64e-10 s                 ; Yes                       ; Yes                       ;
; s5            ; 2.5 V        ; 0 s                 ; 0 s                 ; 2.32 V                       ; 2.85e-07 V                   ; 2.35 V              ; -0.0123 V           ; 0.144 V                              ; 0.042 V                              ; 4.81e-10 s                  ; 4.81e-10 s                  ; Yes                        ; Yes                        ; 2.32 V                      ; 2.85e-07 V                  ; 2.35 V             ; -0.0123 V          ; 0.144 V                             ; 0.042 V                             ; 4.81e-10 s                 ; 4.81e-10 s                 ; Yes                       ; Yes                       ;
; s6            ; 2.5 V        ; 0 s                 ; 0 s                 ; 2.32 V                       ; 2.85e-07 V                   ; 2.35 V              ; -0.0123 V           ; 0.144 V                              ; 0.042 V                              ; 4.81e-10 s                  ; 4.81e-10 s                  ; Yes                        ; Yes                        ; 2.32 V                      ; 2.85e-07 V                  ; 2.35 V             ; -0.0123 V          ; 0.144 V                             ; 0.042 V                             ; 4.81e-10 s                 ; 4.81e-10 s                 ; Yes                       ; Yes                       ;
; s7            ; 2.5 V        ; 0 s                 ; 0 s                 ; 2.32 V                       ; 2.85e-07 V                   ; 2.35 V              ; -0.0123 V           ; 0.144 V                              ; 0.042 V                              ; 4.81e-10 s                  ; 4.81e-10 s                  ; Yes                        ; Yes                        ; 2.32 V                      ; 2.85e-07 V                  ; 2.35 V             ; -0.0123 V          ; 0.144 V                             ; 0.042 V                             ; 4.81e-10 s                 ; 4.81e-10 s                 ; Yes                       ; Yes                       ;
; ~ALTERA_DCLK~ ; 2.5 V        ; 0 s                 ; 0 s                 ; 2.32 V                       ; 1.55e-07 V                   ; 2.35 V              ; -0.00221 V          ; 0.097 V                              ; 0.005 V                              ; 4.49e-10 s                  ; 3.85e-10 s                  ; Yes                        ; Yes                        ; 2.32 V                      ; 1.55e-07 V                  ; 2.35 V             ; -0.00221 V         ; 0.097 V                             ; 0.005 V                             ; 4.49e-10 s                 ; 3.85e-10 s                 ; Yes                       ; Yes                       ;
; ~ALTERA_nCEO~ ; 2.5 V        ; 0 s                 ; 0 s                 ; 2.32 V                       ; 2.54e-07 V                   ; 2.34 V              ; -0.00774 V          ; 0.109 V                              ; 0.026 V                              ; 6.58e-10 s                  ; 8.24e-10 s                  ; Yes                        ; Yes                        ; 2.32 V                      ; 2.54e-07 V                  ; 2.34 V             ; -0.00774 V         ; 0.109 V                             ; 0.026 V                             ; 6.58e-10 s                 ; 8.24e-10 s                 ; Yes                       ; Yes                       ;
+---------------+--------------+---------------------+---------------------+------------------------------+------------------------------+---------------------+---------------------+--------------------------------------+--------------------------------------+-----------------------------+-----------------------------+----------------------------+----------------------------+-----------------------------+-----------------------------+--------------------+--------------------+-------------------------------------+-------------------------------------+----------------------------+----------------------------+---------------------------+---------------------------+


+--------------------------------------------------------------------------------------------------------------------------------------------------------------------------------------------------------------------------------------------------------------------------------------------------------------------------------------------------------------------------------------------------------------------------------------------------------------------------------------------------------------------------------------------------------------------------------------------------------------------------------------------------------------------------------------------+
; Signal Integrity Metrics (Fast 1200mv 0c Model)                                                                                                                                                                                                                                                                                                                                                                                                                                                                                                                                                                                                                                            ;
+---------------+--------------+---------------------+---------------------+------------------------------+------------------------------+---------------------+---------------------+--------------------------------------+--------------------------------------+-----------------------------+-----------------------------+----------------------------+----------------------------+-----------------------------+-----------------------------+--------------------+--------------------+-------------------------------------+-------------------------------------+----------------------------+----------------------------+---------------------------+---------------------------+
; Pin           ; I/O Standard ; Board Delay on Rise ; Board Delay on Fall ; Steady State Voh at FPGA Pin ; Steady State Vol at FPGA Pin ; Voh Max at FPGA Pin ; Vol Min at FPGA Pin ; Ringback Voltage on Rise at FPGA Pin ; Ringback Voltage on Fall at FPGA Pin ; 10-90 Rise Time at FPGA Pin ; 90-10 Fall Time at FPGA Pin ; Monotonic Rise at FPGA Pin ; Monotonic Fall at FPGA Pin ; Steady State Voh at Far-end ; Steady State Vol at Far-end ; Voh Max at Far-end ; Vol Min at Far-end ; Ringback Voltage on Rise at Far-end ; Ringback Voltage on Fall at Far-end ; 10-90 Rise Time at Far-end ; 90-10 Fall Time at Far-end ; Monotonic Rise at Far-end ; Monotonic Fall at Far-end ;
+---------------+--------------+---------------------+---------------------+------------------------------+------------------------------+---------------------+---------------------+--------------------------------------+--------------------------------------+-----------------------------+-----------------------------+----------------------------+----------------------------+-----------------------------+-----------------------------+--------------------+--------------------+-------------------------------------+-------------------------------------+----------------------------+----------------------------+---------------------------+---------------------------+
; s0            ; 2.5 V        ; 0 s                 ; 0 s                 ; 2.62 V                       ; 4.05e-08 V                   ; 2.72 V              ; -0.0349 V           ; 0.173 V                              ; 0.1 V                                ; 2.72e-10 s                  ; 2.69e-10 s                  ; Yes                        ; Yes                        ; 2.62 V                      ; 4.05e-08 V                  ; 2.72 V             ; -0.0349 V          ; 0.173 V                             ; 0.1 V                               ; 2.72e-10 s                 ; 2.69e-10 s                 ; Yes                       ; Yes                       ;
; s1            ; 2.5 V        ; 0 s                 ; 0 s                 ; 2.62 V                       ; 4.05e-08 V                   ; 2.64 V              ; -0.0113 V           ; 0.208 V                              ; 0.179 V                              ; 2.38e-09 s                  ; 2.23e-09 s                  ; No                         ; Yes                        ; 2.62 V                      ; 4.05e-08 V                  ; 2.64 V             ; -0.0113 V          ; 0.208 V                             ; 0.179 V                             ; 2.38e-09 s                 ; 2.23e-09 s                 ; No                        ; Yes                       ;
; s2            ; 2.5 V        ; 0 s                 ; 0 s                 ; 2.62 V                       ; 4.05e-08 V                   ; 2.72 V              ; -0.0349 V           ; 0.173 V                              ; 0.1 V                                ; 2.72e-10 s                  ; 2.69e-10 s                  ; Yes                        ; Yes                        ; 2.62 V                      ; 4.05e-08 V                  ; 2.72 V             ; -0.0349 V          ; 0.173 V                             ; 0.1 V                               ; 2.72e-10 s                 ; 2.69e-10 s                 ; Yes                       ; Yes                       ;
; s3            ; 2.5 V        ; 0 s                 ; 0 s                 ; 2.62 V                       ; 4.05e-08 V                   ; 2.72 V              ; -0.0349 V           ; 0.173 V                              ; 0.1 V                                ; 2.72e-10 s                  ; 2.69e-10 s                  ; Yes                        ; Yes                        ; 2.62 V                      ; 4.05e-08 V                  ; 2.72 V             ; -0.0349 V          ; 0.173 V                             ; 0.1 V                               ; 2.72e-10 s                 ; 2.69e-10 s                 ; Yes                       ; Yes                       ;
; s4            ; 2.5 V        ; 0 s                 ; 0 s                 ; 2.62 V                       ; 2.74e-08 V                   ; 2.73 V              ; -0.0384 V           ; 0.169 V                              ; 0.089 V                              ; 2.7e-10 s                   ; 2.62e-10 s                  ; Yes                        ; Yes                        ; 2.62 V                      ; 2.74e-08 V                  ; 2.73 V             ; -0.0384 V          ; 0.169 V                             ; 0.089 V                             ; 2.7e-10 s                  ; 2.62e-10 s                 ; Yes                       ; Yes                       ;
; s5            ; 2.5 V        ; 0 s                 ; 0 s                 ; 2.62 V                       ; 4.05e-08 V                   ; 2.72 V              ; -0.0349 V           ; 0.173 V                              ; 0.1 V                                ; 2.72e-10 s                  ; 2.69e-10 s                  ; Yes                        ; Yes                        ; 2.62 V                      ; 4.05e-08 V                  ; 2.72 V             ; -0.0349 V          ; 0.173 V                             ; 0.1 V                               ; 2.72e-10 s                 ; 2.69e-10 s                 ; Yes                       ; Yes                       ;
; s6            ; 2.5 V        ; 0 s                 ; 0 s                 ; 2.62 V                       ; 4.05e-08 V                   ; 2.72 V              ; -0.0349 V           ; 0.173 V                              ; 0.1 V                                ; 2.72e-10 s                  ; 2.69e-10 s                  ; Yes                        ; Yes                        ; 2.62 V                      ; 4.05e-08 V                  ; 2.72 V             ; -0.0349 V          ; 0.173 V                             ; 0.1 V                               ; 2.72e-10 s                 ; 2.69e-10 s                 ; Yes                       ; Yes                       ;
; s7            ; 2.5 V        ; 0 s                 ; 0 s                 ; 2.62 V                       ; 4.05e-08 V                   ; 2.72 V              ; -0.0349 V           ; 0.173 V                              ; 0.1 V                                ; 2.72e-10 s                  ; 2.69e-10 s                  ; Yes                        ; Yes                        ; 2.62 V                      ; 4.05e-08 V                  ; 2.72 V             ; -0.0349 V          ; 0.173 V                             ; 0.1 V                               ; 2.72e-10 s                 ; 2.69e-10 s                 ; Yes                       ; Yes                       ;
; ~ALTERA_DCLK~ ; 2.5 V        ; 0 s                 ; 0 s                 ; 2.62 V                       ; 2.22e-08 V                   ; 2.74 V              ; -0.06 V             ; 0.158 V                              ; 0.08 V                               ; 2.68e-10 s                  ; 2.19e-10 s                  ; Yes                        ; Yes                        ; 2.62 V                      ; 2.22e-08 V                  ; 2.74 V             ; -0.06 V            ; 0.158 V                             ; 0.08 V                              ; 2.68e-10 s                 ; 2.19e-10 s                 ; Yes                       ; Yes                       ;
; ~ALTERA_nCEO~ ; 2.5 V        ; 0 s                 ; 0 s                 ; 2.62 V                       ; 3.54e-08 V                   ; 2.7 V               ; -0.00943 V          ; 0.276 V                              ; 0.035 V                              ; 3.19e-10 s                  ; 4.99e-10 s                  ; No                         ; Yes                        ; 2.62 V                      ; 3.54e-08 V                  ; 2.7 V              ; -0.00943 V         ; 0.276 V                             ; 0.035 V                             ; 3.19e-10 s                 ; 4.99e-10 s                 ; No                        ; Yes                       ;
+---------------+--------------+---------------------+---------------------+------------------------------+------------------------------+---------------------+---------------------+--------------------------------------+--------------------------------------+-----------------------------+-----------------------------+----------------------------+----------------------------+-----------------------------+-----------------------------+--------------------+--------------------+-------------------------------------+-------------------------------------+----------------------------+----------------------------+---------------------------+---------------------------+


+-------------------------------------------------------------------+
; Setup Transfers                                                   ;
+------------+----------+----------+----------+----------+----------+
; From Clock ; To Clock ; RR Paths ; FR Paths ; RF Paths ; FF Paths ;
+------------+----------+----------+----------+----------+----------+
; clock      ; clock    ; 9        ; 0        ; 0        ; 0        ;
+------------+----------+----------+----------+----------+----------+
Entries labeled "false path" only account for clock-to-clock false paths and not path-based false paths. As a result, actual path counts may be lower than reported.


+-------------------------------------------------------------------+
; Hold Transfers                                                    ;
+------------+----------+----------+----------+----------+----------+
; From Clock ; To Clock ; RR Paths ; FR Paths ; RF Paths ; FF Paths ;
+------------+----------+----------+----------+----------+----------+
; clock      ; clock    ; 9        ; 0        ; 0        ; 0        ;
+------------+----------+----------+----------+----------+----------+
Entries labeled "false path" only account for clock-to-clock false paths and not path-based false paths. As a result, actual path counts may be lower than reported.


---------------
; Report TCCS ;
---------------
No dedicated SERDES Transmitter circuitry present in device or used in design


---------------
; Report RSKM ;
---------------
No non-DPA dedicated SERDES Receiver circuitry present in device or used in design


+------------------------------------------------+
; Unconstrained Paths                            ;
+---------------------------------+-------+------+
; Property                        ; Setup ; Hold ;
+---------------------------------+-------+------+
; Illegal Clocks                  ; 0     ; 0    ;
; Unconstrained Clocks            ; 0     ; 0    ;
; Unconstrained Input Ports       ; 3     ; 3    ;
; Unconstrained Input Port Paths  ; 9     ; 9    ;
; Unconstrained Output Ports      ; 8     ; 8    ;
; Unconstrained Output Port Paths ; 30    ; 30   ;
+---------------------------------+-------+------+


+------------------------------------+
; TimeQuest Timing Analyzer Messages ;
+------------------------------------+
Info: *******************************************************************
Info: Running Quartus II 64-Bit TimeQuest Timing Analyzer
    Info: Version 15.0.0 Build 145 04/22/2015 SJ Full Version
    Info: Processing started: Wed Mar 25 13:17:32 2020
Info: Command: quartus_sta control -c control
Info: qsta_default_script.tcl version: #11
Info (11104): Parallel Compilation has detected 12 hyper-threaded processors. However, the extra hyper-threaded processors will not be used by default. Parallel Compilation will use 6 of the 6 physical processors detected instead.
Info (21077): Low junction temperature is 0 degrees C
Info (21077): High junction temperature is 85 degrees C
Critical Warning (332012): Synopsys Design Constraints File file not found: 'control.sdc'. A Synopsys Design Constraints File is required by the TimeQuest Timing Analyzer to get proper timing constraints. Without it, the Compiler will not properly optimize the design.
Info (332142): No user constrained base clocks found in the design. Calling "derive_clocks -period 1.0"
Info (332105): Deriving Clocks
    Info (332105): create_clock -period 1.000 -name clock clock
Info (332143): No user constrained clock uncertainty found in the design. Calling "derive_clock_uncertainty"
Info (332123): Deriving Clock Uncertainty. Please refer to report_sdc in TimeQuest to see clock uncertainties.
Info: Found TIMEQUEST_REPORT_SCRIPT_INCLUDE_DEFAULT_ANALYSIS = ON
Info: Analyzing Slow 1200mV 85C Model
Critical Warning (332148): Timing requirements not met
    Info (11105): For recommendations on closing timing, run Report Timing Closure Recommendations in the TimeQuest Timing Analyzer.
Info (332146): Worst-case setup slack is -0.384
    Info (332119):     Slack       End Point TNS Clock 
    Info (332119): ========= =================== =====================
    Info (332119):    -0.384              -1.016 clock 
Info (332146): Worst-case hold slack is 0.453
    Info (332119):     Slack       End Point TNS Clock 
    Info (332119): ========= =================== =====================
    Info (332119):     0.453               0.000 clock 
Info (332140): No Recovery paths to report
Info (332140): No Removal paths to report
Info (332146): Worst-case minimum pulse width slack is -3.000
    Info (332119):     Slack       End Point TNS Clock 
    Info (332119): ========= =================== =====================
    Info (332119):    -3.000              -7.461 clock 
Info: Analyzing Slow 1200mV 0C Model
Info (334003): Started post-fitting delay annotation
Info (334004): Delay annotation completed successfully
Info (332123): Deriving Clock Uncertainty. Please refer to report_sdc in TimeQuest to see clock uncertainties.
Critical Warning (332148): Timing requirements not met
    Info (11105): For recommendations on closing timing, run Report Timing Closure Recommendations in the TimeQuest Timing Analyzer.
Info (332146): Worst-case setup slack is -0.246
    Info (332119):     Slack       End Point TNS Clock 
    Info (332119): ========= =================== =====================
    Info (332119):    -0.246              -0.609 clock 
Info (332146): Worst-case hold slack is 0.402
    Info (332119):     Slack       End Point TNS Clock 
    Info (332119): ========= =================== =====================
    Info (332119):     0.402               0.000 clock 
Info (332140): No Recovery paths to report
Info (332140): No Removal paths to report
Info (332146): Worst-case minimum pulse width slack is -3.000
    Info (332119):     Slack       End Point TNS Clock 
    Info (332119): ========= =================== =====================
    Info (332119):    -3.000              -7.461 clock 
Info: Analyzing Fast 1200mV 0C Model
Info (332123): Deriving Clock Uncertainty. Please refer to report_sdc in TimeQuest to see clock uncertainties.
Info (332146): Worst-case setup slack is 0.389
    Info (332119):     Slack       End Point TNS Clock 
    Info (332119): ========= =================== =====================
    Info (332119):     0.389               0.000 clock 
Info (332146): Worst-case hold slack is 0.187
    Info (332119):     Slack       End Point TNS Clock 
    Info (332119): ========= =================== =====================
    Info (332119):     0.187               0.000 clock 
Info (332140): No Recovery paths to report
Info (332140): No Removal paths to report
Critical Warning (332148): Timing requirements not met
    Info (11105): For recommendations on closing timing, run Report Timing Closure Recommendations in the TimeQuest Timing Analyzer.
Info (332146): Worst-case minimum pulse width slack is -3.000
    Info (332119):     Slack       End Point TNS Clock 
    Info (332119): ========= =================== =====================
    Info (332119):    -3.000              -6.195 clock 
Info (332102): Design is not fully constrained for setup requirements
Info (332102): Design is not fully constrained for hold requirements
Info: Quartus II 64-Bit TimeQuest Timing Analyzer was successful. 0 errors, 4 warnings
    Info: Peak virtual memory: 4890 megabytes
    Info: Processing ended: Wed Mar 25 13:17:33 2020
    Info: Elapsed time: 00:00:01
    Info: Total CPU time (on all processors): 00:00:01


